mode: atomic
github.com/wildenthal/ardanlabs-service/cmd/app/main.go:28.13,32.41 3 0
github.com/wildenthal/ardanlabs-service/cmd/app/main.go:32.41,35.3 2 0
github.com/wildenthal/ardanlabs-service/cmd/app/main.go:38.58,43.16 3 0
github.com/wildenthal/ardanlabs-service/cmd/app/main.go:43.16,45.3 1 0
github.com/wildenthal/ardanlabs-service/cmd/app/main.go:46.2,49.12 2 0
github.com/wildenthal/ardanlabs-service/cmd/app/main.go:49.12,52.73 2 0
github.com/wildenthal/ardanlabs-service/cmd/app/main.go:52.73,54.4 1 0
github.com/wildenthal/ardanlabs-service/cmd/app/main.go:58.2,68.16 5 0
github.com/wildenthal/ardanlabs-service/cmd/app/main.go:68.16,70.3 1 0
github.com/wildenthal/ardanlabs-service/cmd/app/main.go:72.2,80.15 2 0
github.com/wildenthal/ardanlabs-service/cmd/app/main.go:80.15,81.54 1 0
github.com/wildenthal/ardanlabs-service/cmd/app/main.go:81.54,83.4 1 0
github.com/wildenthal/ardanlabs-service/cmd/app/main.go:86.2,93.54 5 0
github.com/wildenthal/ardanlabs-service/cmd/app/main.go:93.54,93.68 1 0
github.com/wildenthal/ardanlabs-service/cmd/app/main.go:100.2,102.12 2 0
github.com/wildenthal/ardanlabs-service/cmd/app/main.go:102.12,104.3 1 0
github.com/wildenthal/ardanlabs-service/cmd/app/main.go:107.2,107.9 1 0
github.com/wildenthal/ardanlabs-service/cmd/app/main.go:108.29,109.45 1 0
github.com/wildenthal/ardanlabs-service/cmd/app/main.go:110.20,117.46 5 0
github.com/wildenthal/ardanlabs-service/cmd/app/main.go:117.46,120.4 2 0
github.com/wildenthal/ardanlabs-service/cmd/app/main.go:121.3,121.9 1 0
github.com/wildenthal/ardanlabs-service/cmd/app/main.go:124.2,124.12 1 0
github.com/wildenthal/ardanlabs-service/internal/api/api.go:10.38,13.91 1 0
github.com/wildenthal/ardanlabs-service/internal/api/api.go:13.91,17.3 2 0
github.com/wildenthal/ardanlabs-service/internal/api/api.go:18.2,21.8 4 0
github.com/wildenthal/ardanlabs-service/internal/api/api.go:24.62,26.16 2 0
github.com/wildenthal/ardanlabs-service/internal/api/api.go:26.16,29.3 2 0
github.com/wildenthal/ardanlabs-service/internal/api/api.go:31.2,32.15 2 0
github.com/wildenthal/ardanlabs-service/pkg/debug/debug.go:9.27,18.2 8 0
github.com/wildenthal/ardanlabs-service/pkg/logfmt/main.go:11.13,14.21 3 0
github.com/wildenthal/ardanlabs-service/pkg/logfmt/main.go:14.21,18.17 4 0
github.com/wildenthal/ardanlabs-service/pkg/logfmt/main.go:18.17,20.12 2 0
github.com/wildenthal/ardanlabs-service/pkg/logfmt/main.go:23.3,29.23 5 0
github.com/wildenthal/ardanlabs-service/pkg/logfmt/main.go:29.23,30.13 1 0
github.com/wildenthal/ardanlabs-service/pkg/logfmt/main.go:31.32,32.13 1 0
github.com/wildenthal/ardanlabs-service/pkg/logfmt/main.go:34.4,37.23 4 0
github.com/wildenthal/ardanlabs-service/pkg/logfmt/main.go:39.3,41.24 2 0
github.com/wildenthal/ardanlabs-service/internal/config/config.go:21.48,23.16 2 7
github.com/wildenthal/ardanlabs-service/internal/config/config.go:23.16,25.3 1 1
github.com/wildenthal/ardanlabs-service/internal/config/config.go:26.2,27.16 2 6
github.com/wildenthal/ardanlabs-service/internal/config/config.go:27.16,29.3 1 1
github.com/wildenthal/ardanlabs-service/internal/config/config.go:30.2,31.16 2 5
github.com/wildenthal/ardanlabs-service/internal/config/config.go:31.16,33.3 1 1
github.com/wildenthal/ardanlabs-service/internal/config/config.go:34.2,35.16 2 4
github.com/wildenthal/ardanlabs-service/internal/config/config.go:35.16,37.3 1 1
github.com/wildenthal/ardanlabs-service/internal/config/config.go:38.2,39.9 2 3
github.com/wildenthal/ardanlabs-service/internal/config/config.go:39.9,41.3 1 1
github.com/wildenthal/ardanlabs-service/internal/config/config.go:43.2,53.8 1 2
github.com/wildenthal/ardanlabs-service/internal/config/config.go:56.42,57.40 1 4
github.com/wildenthal/ardanlabs-service/internal/config/config.go:57.40,59.3 1 2
github.com/wildenthal/ardanlabs-service/internal/config/config.go:60.2,60.17 1 2
github.com/wildenthal/ardanlabs-service/internal/config/config.go:63.82,65.9 2 22
github.com/wildenthal/ardanlabs-service/internal/config/config.go:65.9,67.3 1 14
github.com/wildenthal/ardanlabs-service/internal/config/config.go:68.2,69.16 2 8
github.com/wildenthal/ardanlabs-service/internal/config/config.go:69.16,71.3 1 4
github.com/wildenthal/ardanlabs-service/internal/config/config.go:72.2,72.22 1 4
